<?xml version="1.0" encoding="UTF-8"?>
<!-- Generated by org.testng.reporters.JUnitReportReporter -->
<testsuite hostname="Admin" failures="0" tests="1" name="TestBase.LoginTest" time="7.873" errors="0" timestamp="26 Jan 2023 14:52:14 GMT" skipped="0">
  <testcase classname="TestBase.LoginTest" name="Login" time="7.873"/>
</testsuite> <!-- TestBase.LoginTest -->
