<?xml version="1.0" encoding="UTF-8"?>
<!-- Generated by org.testng.reporters.JUnitReportReporter -->
<testsuite hostname="Admin" failures="0" tests="2" name="TestBase.AddSbuTest" time="23.633" errors="0" timestamp="26 Jan 2023 14:52:14 GMT" skipped="0">
  <testcase classname="TestBase.AddSbuTest" name="AddSbuData" time="6.707"/>
  <testcase classname="TestBase.AddSbuTest" name="addSbuButton" time="16.926"/>
</testsuite> <!-- TestBase.AddSbuTest -->
