<?xml version="1.0" encoding="UTF-8"?>
<!-- Generated by org.testng.reporters.JUnitReportReporter -->
<testsuite hostname="Admin" failures="0" tests="2" name="TestBase.AddSbuTest" time="23.936" errors="0" timestamp="26 Jan 2023 14:54:22 GMT" skipped="0">
  <testcase classname="TestBase.AddSbuTest" name="AddSbuData" time="6.889"/>
  <testcase classname="TestBase.AddSbuTest" name="addSbuButton" time="17.047"/>
</testsuite> <!-- TestBase.AddSbuTest -->
